[ 2018-01-17 09:55:44 ]  ||  Текст ошибки: Could not connect to database (asutp).  ||  Файл: /var/www/dev/asutp/vendor/framework/libs/rb.php  ||  Строка: 929
*** *** *** *** ***
[ 2018-01-17 09:57:47 ]  ||  Текст ошибки: SQLSTATE[42S02]: Base table or view not found: 1146 Table 'asutp.category' doesn't exist  ||  Файл: /var/www/dev/asutp/vendor/framework/libs/rb.php  ||  Строка: 735
*** *** *** *** ***
[ 2018-01-17 09:58:21 ]  ||  Текст ошибки: SQLSTATE[42S02]: Base table or view not found: 1146 Table 'asutp.category' doesn't exist  ||  Файл: /var/www/dev/asutp/vendor/framework/libs/rb.php  ||  Строка: 735
*** *** *** *** ***
[ 2018-01-17 09:58:58 ]  ||  Текст ошибки: SQLSTATE[42S02]: Base table or view not found: 1146 Table 'asutp.category' doesn't exist  ||  Файл: /var/www/dev/asutp/vendor/framework/libs/rb.php  ||  Строка: 735
*** *** *** *** ***
[ 2018-01-17 09:59:08 ]  ||  Текст ошибки: SQLSTATE[42S02]: Base table or view not found: 1146 Table 'asutp.category' doesn't exist  ||  Файл: /var/www/dev/asutp/vendor/framework/libs/rb.php  ||  Строка: 735
*** *** *** *** ***
[ 2018-01-17 09:59:34 ]  ||  Текст ошибки: SQLSTATE[42S02]: Base table or view not found: 1146 Table 'asutp.category' doesn't exist  ||  Файл: /var/www/dev/asutp/vendor/framework/libs/rb.php  ||  Строка: 735
*** *** *** *** ***
[ 2018-01-17 09:59:56 ]  ||  Текст ошибки: SQLSTATE[42S02]: Base table or view not found: 1146 Table 'asutp.category' doesn't exist  ||  Файл: /var/www/dev/asutp/vendor/framework/libs/rb.php  ||  Строка: 735
*** *** *** *** ***
[ 2018-01-17 12:51:47 ]  ||  Текст ошибки: Запрашиваемая вами страница не найдена  ||  Файл: /var/www/dev/asutp/vendor/framework/core/Router.php  ||  Строка: 114
*** *** *** *** ***
[ 2018-01-17 12:56:10 ]  ||  Текст ошибки: Запрашиваемая вами страница не найдена  ||  Файл: /var/www/dev/asutp/vendor/framework/core/Router.php  ||  Строка: 114
*** *** *** *** ***
[ 2018-01-17 13:00:13 ]  ||  Текст ошибки: Запрашиваемая вами страница не найдена  ||  Файл: /var/www/dev/asutp/vendor/framework/core/Router.php  ||  Строка: 114
*** *** *** *** ***
[ 2018-01-17 13:53:59 ]  ||  Текст ошибки: Запрашиваемая вами страница не найдена  ||  Файл: /var/www/dev/asutp/vendor/framework/core/Router.php  ||  Строка: 114
*** *** *** *** ***
[ 2018-01-17 13:54:17 ]  ||  Текст ошибки: Запрашиваемая вами страница не найдена  ||  Файл: /var/www/dev/asutp/vendor/framework/core/Router.php  ||  Строка: 114
*** *** *** *** ***
[ 2018-01-17 13:54:27 ]  ||  Текст ошибки: Запрашиваемая вами страница не найдена  ||  Файл: /var/www/dev/asutp/vendor/framework/core/Router.php  ||  Строка: 114
*** *** *** *** ***
[ 2018-01-17 13:54:50 ]  ||  Текст ошибки: Запрашиваемая вами страница не найдена  ||  Файл: /var/www/dev/asutp/vendor/framework/core/Router.php  ||  Строка: 114
*** *** *** *** ***
[ 2018-01-17 13:55:21 ]  ||  Текст ошибки: Запрашиваемая вами страница не найдена  ||  Файл: /var/www/dev/asutp/vendor/framework/core/Router.php  ||  Строка: 114
*** *** *** *** ***
[ 2018-01-17 13:55:47 ]  ||  Текст ошибки: Запрашиваемая вами страница не найдена  ||  Файл: /var/www/dev/asutp/vendor/framework/core/Router.php  ||  Строка: 114
*** *** *** *** ***
[ 2018-01-30 14:04:11 ]  ||  Текст ошибки: Запрашиваемая вами страница не найдена  ||  Файл: /var/www/dev/asutp/vendor/framework/core/Router.php  ||  Строка: 114
*** *** *** *** ***
[ 2018-01-30 15:18:02 ]  ||  Текст ошибки: Запрашиваемая вами страница не найдена  ||  Файл: /var/www/dev/asutp/vendor/framework/core/Router.php  ||  Строка: 114
*** *** *** *** ***
[ 2018-01-30 16:07:56 ]  ||  Текст ошибки: Котроллер <b>app\controllers\BootstrapController</b> не найден.  ||  Файл: /var/www/dev/asutp/vendor/framework/core/Router.php  ||  Строка: 109
*** *** *** *** ***
[ 2018-01-31 11:42:06 ]  ||  Текст ошибки: Запрашиваемая вами страница не найдена  ||  Файл: /var/www/dev/asutp/vendor/framework/core/Router.php  ||  Строка: 114
*** *** *** *** ***
[ 2018-01-31 11:42:07 ]  ||  Текст ошибки: Запрашиваемая вами страница не найдена  ||  Файл: /var/www/dev/asutp/vendor/framework/core/Router.php  ||  Строка: 114
*** *** *** *** ***
[ 2018-01-31 11:42:07 ]  ||  Текст ошибки: Запрашиваемая вами страница не найдена  ||  Файл: /var/www/dev/asutp/vendor/framework/core/Router.php  ||  Строка: 114
*** *** *** *** ***
[ 2018-01-31 11:42:07 ]  ||  Текст ошибки: Запрашиваемая вами страница не найдена  ||  Файл: /var/www/dev/asutp/vendor/framework/core/Router.php  ||  Строка: 114
*** *** *** *** ***
[ 2018-01-31 11:42:07 ]  ||  Текст ошибки: Запрашиваемая вами страница не найдена  ||  Файл: /var/www/dev/asutp/vendor/framework/core/Router.php  ||  Строка: 114
*** *** *** *** ***
[ 2018-01-31 11:42:07 ]  ||  Текст ошибки: Запрашиваемая вами страница не найдена  ||  Файл: /var/www/dev/asutp/vendor/framework/core/Router.php  ||  Строка: 114
*** *** *** *** ***
[ 2018-01-31 11:42:07 ]  ||  Текст ошибки: Запрашиваемая вами страница не найдена  ||  Файл: /var/www/dev/asutp/vendor/framework/core/Router.php  ||  Строка: 114
*** *** *** *** ***
[ 2018-01-31 11:42:07 ]  ||  Текст ошибки: Запрашиваемая вами страница не найдена  ||  Файл: /var/www/dev/asutp/vendor/framework/core/Router.php  ||  Строка: 114
*** *** *** *** ***
[ 2018-01-31 11:42:07 ]  ||  Текст ошибки: Запрашиваемая вами страница не найдена  ||  Файл: /var/www/dev/asutp/vendor/framework/core/Router.php  ||  Строка: 114
*** *** *** *** ***
[ 2018-01-31 11:42:07 ]  ||  Текст ошибки: Запрашиваемая вами страница не найдена  ||  Файл: /var/www/dev/asutp/vendor/framework/core/Router.php  ||  Строка: 114
*** *** *** *** ***
[ 2018-01-31 11:42:07 ]  ||  Текст ошибки: Запрашиваемая вами страница не найдена  ||  Файл: /var/www/dev/asutp/vendor/framework/core/Router.php  ||  Строка: 114
*** *** *** *** ***
[ 2018-01-31 11:42:07 ]  ||  Текст ошибки: Запрашиваемая вами страница не найдена  ||  Файл: /var/www/dev/asutp/vendor/framework/core/Router.php  ||  Строка: 114
*** *** *** *** ***
[ 2018-01-31 12:03:27 ]  ||  Текст ошибки: Запрашиваемая вами страница не найдена  ||  Файл: /var/www/dev/asutp/vendor/framework/core/Router.php  ||  Строка: 114
*** *** *** *** ***
[ 2018-01-31 12:03:27 ]  ||  Текст ошибки: Запрашиваемая вами страница не найдена  ||  Файл: /var/www/dev/asutp/vendor/framework/core/Router.php  ||  Строка: 114
*** *** *** *** ***
[ 2018-01-31 12:03:27 ]  ||  Текст ошибки: Запрашиваемая вами страница не найдена  ||  Файл: /var/www/dev/asutp/vendor/framework/core/Router.php  ||  Строка: 114
*** *** *** *** ***
[ 2018-01-31 12:03:27 ]  ||  Текст ошибки: Запрашиваемая вами страница не найдена  ||  Файл: /var/www/dev/asutp/vendor/framework/core/Router.php  ||  Строка: 114
*** *** *** *** ***
[ 2018-01-31 12:03:27 ]  ||  Текст ошибки: Запрашиваемая вами страница не найдена  ||  Файл: /var/www/dev/asutp/vendor/framework/core/Router.php  ||  Строка: 114
*** *** *** *** ***
[ 2018-01-31 12:03:27 ]  ||  Текст ошибки: Запрашиваемая вами страница не найдена  ||  Файл: /var/www/dev/asutp/vendor/framework/core/Router.php  ||  Строка: 114
*** *** *** *** ***
[ 2018-01-31 12:03:27 ]  ||  Текст ошибки: Запрашиваемая вами страница не найдена  ||  Файл: /var/www/dev/asutp/vendor/framework/core/Router.php  ||  Строка: 114
*** *** *** *** ***
[ 2018-01-31 12:03:27 ]  ||  Текст ошибки: Запрашиваемая вами страница не найдена  ||  Файл: /var/www/dev/asutp/vendor/framework/core/Router.php  ||  Строка: 114
*** *** *** *** ***
[ 2018-01-31 12:03:27 ]  ||  Текст ошибки: Запрашиваемая вами страница не найдена  ||  Файл: /var/www/dev/asutp/vendor/framework/core/Router.php  ||  Строка: 114
*** *** *** *** ***
[ 2018-01-31 12:03:27 ]  ||  Текст ошибки: Запрашиваемая вами страница не найдена  ||  Файл: /var/www/dev/asutp/vendor/framework/core/Router.php  ||  Строка: 114
*** *** *** *** ***
[ 2018-01-31 12:03:27 ]  ||  Текст ошибки: Запрашиваемая вами страница не найдена  ||  Файл: /var/www/dev/asutp/vendor/framework/core/Router.php  ||  Строка: 114
*** *** *** *** ***
[ 2018-01-31 12:07:34 ]  ||  Текст ошибки: Запрашиваемая вами страница не найдена  ||  Файл: /var/www/dev/asutp/vendor/framework/core/Router.php  ||  Строка: 114
*** *** *** *** ***
[ 2018-01-31 12:07:34 ]  ||  Текст ошибки: Запрашиваемая вами страница не найдена  ||  Файл: /var/www/dev/asutp/vendor/framework/core/Router.php  ||  Строка: 114
*** *** *** *** ***
[ 2018-01-31 12:07:34 ]  ||  Текст ошибки: Запрашиваемая вами страница не найдена  ||  Файл: /var/www/dev/asutp/vendor/framework/core/Router.php  ||  Строка: 114
*** *** *** *** ***
[ 2018-01-31 12:07:34 ]  ||  Текст ошибки: Запрашиваемая вами страница не найдена  ||  Файл: /var/www/dev/asutp/vendor/framework/core/Router.php  ||  Строка: 114
*** *** *** *** ***
[ 2018-01-31 12:07:34 ]  ||  Текст ошибки: Запрашиваемая вами страница не найдена  ||  Файл: /var/www/dev/asutp/vendor/framework/core/Router.php  ||  Строка: 114
*** *** *** *** ***
[ 2018-01-31 12:07:34 ]  ||  Текст ошибки: Запрашиваемая вами страница не найдена  ||  Файл: /var/www/dev/asutp/vendor/framework/core/Router.php  ||  Строка: 114
*** *** *** *** ***
[ 2018-01-31 12:07:34 ]  ||  Текст ошибки: Запрашиваемая вами страница не найдена  ||  Файл: /var/www/dev/asutp/vendor/framework/core/Router.php  ||  Строка: 114
*** *** *** *** ***
[ 2018-01-31 12:07:34 ]  ||  Текст ошибки: Запрашиваемая вами страница не найдена  ||  Файл: /var/www/dev/asutp/vendor/framework/core/Router.php  ||  Строка: 114
*** *** *** *** ***
[ 2018-01-31 12:07:34 ]  ||  Текст ошибки: Запрашиваемая вами страница не найдена  ||  Файл: /var/www/dev/asutp/vendor/framework/core/Router.php  ||  Строка: 114
*** *** *** *** ***
[ 2018-01-31 12:07:34 ]  ||  Текст ошибки: Запрашиваемая вами страница не найдена  ||  Файл: /var/www/dev/asutp/vendor/framework/core/Router.php  ||  Строка: 114
*** *** *** *** ***
[ 2018-01-31 12:07:51 ]  ||  Текст ошибки: Запрашиваемая вами страница не найдена  ||  Файл: /var/www/dev/asutp/vendor/framework/core/Router.php  ||  Строка: 114
*** *** *** *** ***
[ 2018-01-31 12:07:51 ]  ||  Текст ошибки: Запрашиваемая вами страница не найдена  ||  Файл: /var/www/dev/asutp/vendor/framework/core/Router.php  ||  Строка: 114
*** *** *** *** ***
[ 2018-01-31 12:07:51 ]  ||  Текст ошибки: Запрашиваемая вами страница не найдена  ||  Файл: /var/www/dev/asutp/vendor/framework/core/Router.php  ||  Строка: 114
*** *** *** *** ***
[ 2018-01-31 12:07:51 ]  ||  Текст ошибки: Запрашиваемая вами страница не найдена  ||  Файл: /var/www/dev/asutp/vendor/framework/core/Router.php  ||  Строка: 114
*** *** *** *** ***
[ 2018-01-31 12:07:51 ]  ||  Текст ошибки: Запрашиваемая вами страница не найдена  ||  Файл: /var/www/dev/asutp/vendor/framework/core/Router.php  ||  Строка: 114
*** *** *** *** ***
[ 2018-01-31 12:07:51 ]  ||  Текст ошибки: Запрашиваемая вами страница не найдена  ||  Файл: /var/www/dev/asutp/vendor/framework/core/Router.php  ||  Строка: 114
*** *** *** *** ***
[ 2018-01-31 12:07:51 ]  ||  Текст ошибки: Запрашиваемая вами страница не найдена  ||  Файл: /var/www/dev/asutp/vendor/framework/core/Router.php  ||  Строка: 114
*** *** *** *** ***
[ 2018-01-31 12:07:51 ]  ||  Текст ошибки: Запрашиваемая вами страница не найдена  ||  Файл: /var/www/dev/asutp/vendor/framework/core/Router.php  ||  Строка: 114
*** *** *** *** ***
[ 2018-01-31 12:07:51 ]  ||  Текст ошибки: Запрашиваемая вами страница не найдена  ||  Файл: /var/www/dev/asutp/vendor/framework/core/Router.php  ||  Строка: 114
*** *** *** *** ***
[ 2018-01-31 12:07:51 ]  ||  Текст ошибки: Запрашиваемая вами страница не найдена  ||  Файл: /var/www/dev/asutp/vendor/framework/core/Router.php  ||  Строка: 114
*** *** *** *** ***
[ 2018-01-31 12:10:40 ]  ||  Текст ошибки: Запрашиваемая вами страница не найдена  ||  Файл: /var/www/dev/asutp/vendor/framework/core/Router.php  ||  Строка: 114
*** *** *** *** ***
[ 2018-01-31 12:10:40 ]  ||  Текст ошибки: Запрашиваемая вами страница не найдена  ||  Файл: /var/www/dev/asutp/vendor/framework/core/Router.php  ||  Строка: 114
*** *** *** *** ***
[ 2018-01-31 12:10:40 ]  ||  Текст ошибки: Запрашиваемая вами страница не найдена  ||  Файл: /var/www/dev/asutp/vendor/framework/core/Router.php  ||  Строка: 114
*** *** *** *** ***
[ 2018-01-31 12:10:40 ]  ||  Текст ошибки: Запрашиваемая вами страница не найдена  ||  Файл: /var/www/dev/asutp/vendor/framework/core/Router.php  ||  Строка: 114
*** *** *** *** ***
[ 2018-01-31 12:10:40 ]  ||  Текст ошибки: Запрашиваемая вами страница не найдена  ||  Файл: /var/www/dev/asutp/vendor/framework/core/Router.php  ||  Строка: 114
*** *** *** *** ***
[ 2018-01-31 12:10:40 ]  ||  Текст ошибки: Запрашиваемая вами страница не найдена  ||  Файл: /var/www/dev/asutp/vendor/framework/core/Router.php  ||  Строка: 114
*** *** *** *** ***
[ 2018-01-31 12:10:40 ]  ||  Текст ошибки: Запрашиваемая вами страница не найдена  ||  Файл: /var/www/dev/asutp/vendor/framework/core/Router.php  ||  Строка: 114
*** *** *** *** ***
[ 2018-01-31 12:10:40 ]  ||  Текст ошибки: Запрашиваемая вами страница не найдена  ||  Файл: /var/www/dev/asutp/vendor/framework/core/Router.php  ||  Строка: 114
*** *** *** *** ***
[ 2018-01-31 12:10:40 ]  ||  Текст ошибки: Запрашиваемая вами страница не найдена  ||  Файл: /var/www/dev/asutp/vendor/framework/core/Router.php  ||  Строка: 114
*** *** *** *** ***
[ 2018-01-31 12:10:40 ]  ||  Текст ошибки: Запрашиваемая вами страница не найдена  ||  Файл: /var/www/dev/asutp/vendor/framework/core/Router.php  ||  Строка: 114
*** *** *** *** ***
[ 2018-01-31 12:14:14 ]  ||  Текст ошибки: Запрашиваемая вами страница не найдена  ||  Файл: /var/www/dev/asutp/vendor/framework/core/Router.php  ||  Строка: 114
*** *** *** *** ***
[ 2018-01-31 12:14:14 ]  ||  Текст ошибки: Запрашиваемая вами страница не найдена  ||  Файл: /var/www/dev/asutp/vendor/framework/core/Router.php  ||  Строка: 114
*** *** *** *** ***
[ 2018-01-31 12:14:14 ]  ||  Текст ошибки: Запрашиваемая вами страница не найдена  ||  Файл: /var/www/dev/asutp/vendor/framework/core/Router.php  ||  Строка: 114
*** *** *** *** ***
[ 2018-01-31 12:14:14 ]  ||  Текст ошибки: Запрашиваемая вами страница не найдена  ||  Файл: /var/www/dev/asutp/vendor/framework/core/Router.php  ||  Строка: 114
*** *** *** *** ***
[ 2018-01-31 12:14:14 ]  ||  Текст ошибки: Запрашиваемая вами страница не найдена  ||  Файл: /var/www/dev/asutp/vendor/framework/core/Router.php  ||  Строка: 114
*** *** *** *** ***
[ 2018-01-31 12:14:14 ]  ||  Текст ошибки: Запрашиваемая вами страница не найдена  ||  Файл: /var/www/dev/asutp/vendor/framework/core/Router.php  ||  Строка: 114
*** *** *** *** ***
[ 2018-01-31 12:14:14 ]  ||  Текст ошибки: Запрашиваемая вами страница не найдена  ||  Файл: /var/www/dev/asutp/vendor/framework/core/Router.php  ||  Строка: 114
*** *** *** *** ***
[ 2018-01-31 12:14:33 ]  ||  Текст ошибки: Запрашиваемая вами страница не найдена  ||  Файл: /var/www/dev/asutp/vendor/framework/core/Router.php  ||  Строка: 114
*** *** *** *** ***
[ 2018-01-31 12:14:33 ]  ||  Текст ошибки: Запрашиваемая вами страница не найдена  ||  Файл: /var/www/dev/asutp/vendor/framework/core/Router.php  ||  Строка: 114
*** *** *** *** ***
[ 2018-01-31 12:14:33 ]  ||  Текст ошибки: Запрашиваемая вами страница не найдена  ||  Файл: /var/www/dev/asutp/vendor/framework/core/Router.php  ||  Строка: 114
*** *** *** *** ***
[ 2018-01-31 12:14:33 ]  ||  Текст ошибки: Запрашиваемая вами страница не найдена  ||  Файл: /var/www/dev/asutp/vendor/framework/core/Router.php  ||  Строка: 114
*** *** *** *** ***
[ 2018-01-31 12:14:33 ]  ||  Текст ошибки: Запрашиваемая вами страница не найдена  ||  Файл: /var/www/dev/asutp/vendor/framework/core/Router.php  ||  Строка: 114
*** *** *** *** ***
[ 2018-01-31 12:14:33 ]  ||  Текст ошибки: Запрашиваемая вами страница не найдена  ||  Файл: /var/www/dev/asutp/vendor/framework/core/Router.php  ||  Строка: 114
*** *** *** *** ***
[ 2018-01-31 12:14:33 ]  ||  Текст ошибки: Запрашиваемая вами страница не найдена  ||  Файл: /var/www/dev/asutp/vendor/framework/core/Router.php  ||  Строка: 114
*** *** *** *** ***
[ 2018-01-31 12:14:33 ]  ||  Текст ошибки: Запрашиваемая вами страница не найдена  ||  Файл: /var/www/dev/asutp/vendor/framework/core/Router.php  ||  Строка: 114
*** *** *** *** ***
[ 2018-01-31 12:14:33 ]  ||  Текст ошибки: Запрашиваемая вами страница не найдена  ||  Файл: /var/www/dev/asutp/vendor/framework/core/Router.php  ||  Строка: 114
*** *** *** *** ***
[ 2018-01-31 12:14:33 ]  ||  Текст ошибки: Запрашиваемая вами страница не найдена  ||  Файл: /var/www/dev/asutp/vendor/framework/core/Router.php  ||  Строка: 114
*** *** *** *** ***
[ 2018-01-31 12:14:33 ]  ||  Текст ошибки: Запрашиваемая вами страница не найдена  ||  Файл: /var/www/dev/asutp/vendor/framework/core/Router.php  ||  Строка: 114
*** *** *** *** ***
[ 2018-01-31 12:14:33 ]  ||  Текст ошибки: Запрашиваемая вами страница не найдена  ||  Файл: /var/www/dev/asutp/vendor/framework/core/Router.php  ||  Строка: 114
*** *** *** *** ***
[ 2018-01-31 12:14:34 ]  ||  Текст ошибки: Запрашиваемая вами страница не найдена  ||  Файл: /var/www/dev/asutp/vendor/framework/core/Router.php  ||  Строка: 114
*** *** *** *** ***
[ 2018-01-31 12:14:34 ]  ||  Текст ошибки: Запрашиваемая вами страница не найдена  ||  Файл: /var/www/dev/asutp/vendor/framework/core/Router.php  ||  Строка: 114
*** *** *** *** ***
[ 2018-01-31 12:16:42 ]  ||  Текст ошибки: Запрашиваемая вами страница не найдена  ||  Файл: /var/www/dev/asutp/vendor/framework/core/Router.php  ||  Строка: 114
*** *** *** *** ***
[ 2018-01-31 12:16:42 ]  ||  Текст ошибки: Запрашиваемая вами страница не найдена  ||  Файл: /var/www/dev/asutp/vendor/framework/core/Router.php  ||  Строка: 114
*** *** *** *** ***
[ 2018-01-31 12:16:42 ]  ||  Текст ошибки: Запрашиваемая вами страница не найдена  ||  Файл: /var/www/dev/asutp/vendor/framework/core/Router.php  ||  Строка: 114
*** *** *** *** ***
[ 2018-01-31 12:16:42 ]  ||  Текст ошибки: Запрашиваемая вами страница не найдена  ||  Файл: /var/www/dev/asutp/vendor/framework/core/Router.php  ||  Строка: 114
*** *** *** *** ***
[ 2018-01-31 12:16:42 ]  ||  Текст ошибки: Запрашиваемая вами страница не найдена  ||  Файл: /var/www/dev/asutp/vendor/framework/core/Router.php  ||  Строка: 114
*** *** *** *** ***
[ 2018-01-31 12:16:42 ]  ||  Текст ошибки: Запрашиваемая вами страница не найдена  ||  Файл: /var/www/dev/asutp/vendor/framework/core/Router.php  ||  Строка: 114
*** *** *** *** ***
[ 2018-01-31 12:16:42 ]  ||  Текст ошибки: Запрашиваемая вами страница не найдена  ||  Файл: /var/www/dev/asutp/vendor/framework/core/Router.php  ||  Строка: 114
*** *** *** *** ***
[ 2018-01-31 12:16:42 ]  ||  Текст ошибки: Запрашиваемая вами страница не найдена  ||  Файл: /var/www/dev/asutp/vendor/framework/core/Router.php  ||  Строка: 114
*** *** *** *** ***
[ 2018-01-31 12:16:42 ]  ||  Текст ошибки: Запрашиваемая вами страница не найдена  ||  Файл: /var/www/dev/asutp/vendor/framework/core/Router.php  ||  Строка: 114
*** *** *** *** ***
[ 2018-01-31 12:16:42 ]  ||  Текст ошибки: Запрашиваемая вами страница не найдена  ||  Файл: /var/www/dev/asutp/vendor/framework/core/Router.php  ||  Строка: 114
*** *** *** *** ***
[ 2018-01-31 12:16:42 ]  ||  Текст ошибки: Запрашиваемая вами страница не найдена  ||  Файл: /var/www/dev/asutp/vendor/framework/core/Router.php  ||  Строка: 114
*** *** *** *** ***
[ 2018-01-31 12:16:42 ]  ||  Текст ошибки: Запрашиваемая вами страница не найдена  ||  Файл: /var/www/dev/asutp/vendor/framework/core/Router.php  ||  Строка: 114
*** *** *** *** ***
[ 2018-01-31 12:16:42 ]  ||  Текст ошибки: Запрашиваемая вами страница не найдена  ||  Файл: /var/www/dev/asutp/vendor/framework/core/Router.php  ||  Строка: 114
*** *** *** *** ***
[ 2018-01-31 12:16:42 ]  ||  Текст ошибки: Запрашиваемая вами страница не найдена  ||  Файл: /var/www/dev/asutp/vendor/framework/core/Router.php  ||  Строка: 114
*** *** *** *** ***
[ 2018-01-31 12:16:42 ]  ||  Текст ошибки: Запрашиваемая вами страница не найдена  ||  Файл: /var/www/dev/asutp/vendor/framework/core/Router.php  ||  Строка: 114
*** *** *** *** ***
[ 2018-01-31 12:16:42 ]  ||  Текст ошибки: Запрашиваемая вами страница не найдена  ||  Файл: /var/www/dev/asutp/vendor/framework/core/Router.php  ||  Строка: 114
*** *** *** *** ***
[ 2018-01-31 12:17:02 ]  ||  Текст ошибки: Запрашиваемая вами страница не найдена  ||  Файл: /var/www/dev/asutp/vendor/framework/core/Router.php  ||  Строка: 114
*** *** *** *** ***
[ 2018-01-31 12:17:06 ]  ||  Текст ошибки: Запрашиваемая вами страница не найдена  ||  Файл: /var/www/dev/asutp/vendor/framework/core/Router.php  ||  Строка: 114
*** *** *** *** ***
[ 2018-01-31 12:17:15 ]  ||  Текст ошибки: Запрашиваемая вами страница не найдена  ||  Файл: /var/www/dev/asutp/vendor/framework/core/Router.php  ||  Строка: 114
*** *** *** *** ***
[ 2018-01-31 12:17:15 ]  ||  Текст ошибки: Запрашиваемая вами страница не найдена  ||  Файл: /var/www/dev/asutp/vendor/framework/core/Router.php  ||  Строка: 114
*** *** *** *** ***
[ 2018-01-31 12:17:15 ]  ||  Текст ошибки: Запрашиваемая вами страница не найдена  ||  Файл: /var/www/dev/asutp/vendor/framework/core/Router.php  ||  Строка: 114
*** *** *** *** ***
[ 2018-01-31 12:17:15 ]  ||  Текст ошибки: Запрашиваемая вами страница не найдена  ||  Файл: /var/www/dev/asutp/vendor/framework/core/Router.php  ||  Строка: 114
*** *** *** *** ***
[ 2018-01-31 12:17:15 ]  ||  Текст ошибки: Запрашиваемая вами страница не найдена  ||  Файл: /var/www/dev/asutp/vendor/framework/core/Router.php  ||  Строка: 114
*** *** *** *** ***
[ 2018-01-31 12:17:15 ]  ||  Текст ошибки: Запрашиваемая вами страница не найдена  ||  Файл: /var/www/dev/asutp/vendor/framework/core/Router.php  ||  Строка: 114
*** *** *** *** ***
[ 2018-01-31 12:17:15 ]  ||  Текст ошибки: Запрашиваемая вами страница не найдена  ||  Файл: /var/www/dev/asutp/vendor/framework/core/Router.php  ||  Строка: 114
*** *** *** *** ***
[ 2018-01-31 12:17:15 ]  ||  Текст ошибки: Запрашиваемая вами страница не найдена  ||  Файл: /var/www/dev/asutp/vendor/framework/core/Router.php  ||  Строка: 114
*** *** *** *** ***
[ 2018-01-31 12:17:15 ]  ||  Текст ошибки: Запрашиваемая вами страница не найдена  ||  Файл: /var/www/dev/asutp/vendor/framework/core/Router.php  ||  Строка: 114
*** *** *** *** ***
[ 2018-01-31 12:17:15 ]  ||  Текст ошибки: Запрашиваемая вами страница не найдена  ||  Файл: /var/www/dev/asutp/vendor/framework/core/Router.php  ||  Строка: 114
*** *** *** *** ***
[ 2018-01-31 12:17:15 ]  ||  Текст ошибки: Запрашиваемая вами страница не найдена  ||  Файл: /var/www/dev/asutp/vendor/framework/core/Router.php  ||  Строка: 114
*** *** *** *** ***
[ 2018-01-31 12:17:15 ]  ||  Текст ошибки: Запрашиваемая вами страница не найдена  ||  Файл: /var/www/dev/asutp/vendor/framework/core/Router.php  ||  Строка: 114
*** *** *** *** ***
[ 2018-01-31 12:17:15 ]  ||  Текст ошибки: Запрашиваемая вами страница не найдена  ||  Файл: /var/www/dev/asutp/vendor/framework/core/Router.php  ||  Строка: 114
*** *** *** *** ***
[ 2018-01-31 12:17:15 ]  ||  Текст ошибки: Запрашиваемая вами страница не найдена  ||  Файл: /var/www/dev/asutp/vendor/framework/core/Router.php  ||  Строка: 114
*** *** *** *** ***
[ 2018-01-31 12:17:15 ]  ||  Текст ошибки: Запрашиваемая вами страница не найдена  ||  Файл: /var/www/dev/asutp/vendor/framework/core/Router.php  ||  Строка: 114
*** *** *** *** ***
[ 2018-01-31 12:17:15 ]  ||  Текст ошибки: Запрашиваемая вами страница не найдена  ||  Файл: /var/www/dev/asutp/vendor/framework/core/Router.php  ||  Строка: 114
*** *** *** *** ***
[ 2018-01-31 12:17:57 ]  ||  Текст ошибки: Запрашиваемая вами страница не найдена  ||  Файл: /var/www/dev/asutp/vendor/framework/core/Router.php  ||  Строка: 114
*** *** *** *** ***
[ 2018-01-31 12:17:57 ]  ||  Текст ошибки: Запрашиваемая вами страница не найдена  ||  Файл: /var/www/dev/asutp/vendor/framework/core/Router.php  ||  Строка: 114
*** *** *** *** ***
[ 2018-01-31 12:17:57 ]  ||  Текст ошибки: Запрашиваемая вами страница не найдена  ||  Файл: /var/www/dev/asutp/vendor/framework/core/Router.php  ||  Строка: 114
*** *** *** *** ***
[ 2018-01-31 12:17:57 ]  ||  Текст ошибки: Запрашиваемая вами страница не найдена  ||  Файл: /var/www/dev/asutp/vendor/framework/core/Router.php  ||  Строка: 114
*** *** *** *** ***
[ 2018-01-31 12:17:57 ]  ||  Текст ошибки: Запрашиваемая вами страница не найдена  ||  Файл: /var/www/dev/asutp/vendor/framework/core/Router.php  ||  Строка: 114
*** *** *** *** ***
[ 2018-01-31 12:17:57 ]  ||  Текст ошибки: Запрашиваемая вами страница не найдена  ||  Файл: /var/www/dev/asutp/vendor/framework/core/Router.php  ||  Строка: 114
*** *** *** *** ***
[ 2018-01-31 12:17:57 ]  ||  Текст ошибки: Запрашиваемая вами страница не найдена  ||  Файл: /var/www/dev/asutp/vendor/framework/core/Router.php  ||  Строка: 114
*** *** *** *** ***
[ 2018-01-31 12:17:57 ]  ||  Текст ошибки: Запрашиваемая вами страница не найдена  ||  Файл: /var/www/dev/asutp/vendor/framework/core/Router.php  ||  Строка: 114
*** *** *** *** ***
[ 2018-01-31 12:17:57 ]  ||  Текст ошибки: Запрашиваемая вами страница не найдена  ||  Файл: /var/www/dev/asutp/vendor/framework/core/Router.php  ||  Строка: 114
*** *** *** *** ***
[ 2018-01-31 12:17:57 ]  ||  Текст ошибки: Запрашиваемая вами страница не найдена  ||  Файл: /var/www/dev/asutp/vendor/framework/core/Router.php  ||  Строка: 114
*** *** *** *** ***
[ 2018-01-31 12:17:57 ]  ||  Текст ошибки: Запрашиваемая вами страница не найдена  ||  Файл: /var/www/dev/asutp/vendor/framework/core/Router.php  ||  Строка: 114
*** *** *** *** ***
[ 2018-01-31 12:17:57 ]  ||  Текст ошибки: Запрашиваемая вами страница не найдена  ||  Файл: /var/www/dev/asutp/vendor/framework/core/Router.php  ||  Строка: 114
*** *** *** *** ***
[ 2018-01-31 12:17:57 ]  ||  Текст ошибки: Запрашиваемая вами страница не найдена  ||  Файл: /var/www/dev/asutp/vendor/framework/core/Router.php  ||  Строка: 114
*** *** *** *** ***
[ 2018-01-31 12:17:57 ]  ||  Текст ошибки: Запрашиваемая вами страница не найдена  ||  Файл: /var/www/dev/asutp/vendor/framework/core/Router.php  ||  Строка: 114
*** *** *** *** ***
[ 2018-01-31 12:17:57 ]  ||  Текст ошибки: Запрашиваемая вами страница не найдена  ||  Файл: /var/www/dev/asutp/vendor/framework/core/Router.php  ||  Строка: 114
*** *** *** *** ***
[ 2018-01-31 12:17:58 ]  ||  Текст ошибки: Запрашиваемая вами страница не найдена  ||  Файл: /var/www/dev/asutp/vendor/framework/core/Router.php  ||  Строка: 114
*** *** *** *** ***
[ 2018-01-31 12:19:15 ]  ||  Текст ошибки: Запрашиваемая вами страница не найдена  ||  Файл: /var/www/dev/asutp/vendor/framework/core/Router.php  ||  Строка: 114
*** *** *** *** ***
[ 2018-01-31 12:19:15 ]  ||  Текст ошибки: Запрашиваемая вами страница не найдена  ||  Файл: /var/www/dev/asutp/vendor/framework/core/Router.php  ||  Строка: 114
*** *** *** *** ***
[ 2018-01-31 12:19:15 ]  ||  Текст ошибки: Запрашиваемая вами страница не найдена  ||  Файл: /var/www/dev/asutp/vendor/framework/core/Router.php  ||  Строка: 114
*** *** *** *** ***
[ 2018-01-31 12:19:15 ]  ||  Текст ошибки: Запрашиваемая вами страница не найдена  ||  Файл: /var/www/dev/asutp/vendor/framework/core/Router.php  ||  Строка: 114
*** *** *** *** ***
[ 2018-01-31 12:19:15 ]  ||  Текст ошибки: Запрашиваемая вами страница не найдена  ||  Файл: /var/www/dev/asutp/vendor/framework/core/Router.php  ||  Строка: 114
*** *** *** *** ***
[ 2018-01-31 12:19:15 ]  ||  Текст ошибки: Запрашиваемая вами страница не найдена  ||  Файл: /var/www/dev/asutp/vendor/framework/core/Router.php  ||  Строка: 114
*** *** *** *** ***
[ 2018-01-31 12:19:15 ]  ||  Текст ошибки: Запрашиваемая вами страница не найдена  ||  Файл: /var/www/dev/asutp/vendor/framework/core/Router.php  ||  Строка: 114
*** *** *** *** ***
[ 2018-01-31 12:19:15 ]  ||  Текст ошибки: Запрашиваемая вами страница не найдена  ||  Файл: /var/www/dev/asutp/vendor/framework/core/Router.php  ||  Строка: 114
*** *** *** *** ***
[ 2018-01-31 12:19:15 ]  ||  Текст ошибки: Запрашиваемая вами страница не найдена  ||  Файл: /var/www/dev/asutp/vendor/framework/core/Router.php  ||  Строка: 114
*** *** *** *** ***
[ 2018-01-31 12:19:15 ]  ||  Текст ошибки: Запрашиваемая вами страница не найдена  ||  Файл: /var/www/dev/asutp/vendor/framework/core/Router.php  ||  Строка: 114
*** *** *** *** ***
[ 2018-01-31 12:19:16 ]  ||  Текст ошибки: Запрашиваемая вами страница не найдена  ||  Файл: /var/www/dev/asutp/vendor/framework/core/Router.php  ||  Строка: 114
*** *** *** *** ***
[ 2018-01-31 12:20:34 ]  ||  Текст ошибки: Запрашиваемая вами страница не найдена  ||  Файл: /var/www/dev/asutp/vendor/framework/core/Router.php  ||  Строка: 114
*** *** *** *** ***
[ 2018-01-31 12:20:34 ]  ||  Текст ошибки: Запрашиваемая вами страница не найдена  ||  Файл: /var/www/dev/asutp/vendor/framework/core/Router.php  ||  Строка: 114
*** *** *** *** ***
[ 2018-01-31 12:20:34 ]  ||  Текст ошибки: Запрашиваемая вами страница не найдена  ||  Файл: /var/www/dev/asutp/vendor/framework/core/Router.php  ||  Строка: 114
*** *** *** *** ***
[ 2018-01-31 12:20:35 ]  ||  Текст ошибки: Запрашиваемая вами страница не найдена  ||  Файл: /var/www/dev/asutp/vendor/framework/core/Router.php  ||  Строка: 114
*** *** *** *** ***
[ 2018-01-31 12:20:35 ]  ||  Текст ошибки: Запрашиваемая вами страница не найдена  ||  Файл: /var/www/dev/asutp/vendor/framework/core/Router.php  ||  Строка: 114
*** *** *** *** ***
[ 2018-01-31 12:20:35 ]  ||  Текст ошибки: Запрашиваемая вами страница не найдена  ||  Файл: /var/www/dev/asutp/vendor/framework/core/Router.php  ||  Строка: 114
*** *** *** *** ***
[ 2018-01-31 12:21:30 ]  ||  Текст ошибки: Запрашиваемая вами страница не найдена  ||  Файл: /var/www/dev/asutp/vendor/framework/core/Router.php  ||  Строка: 114
*** *** *** *** ***
[ 2018-01-31 12:21:31 ]  ||  Текст ошибки: Запрашиваемая вами страница не найдена  ||  Файл: /var/www/dev/asutp/vendor/framework/core/Router.php  ||  Строка: 114
*** *** *** *** ***
[ 2018-01-31 12:22:44 ]  ||  Текст ошибки: Запрашиваемая вами страница не найдена  ||  Файл: /var/www/dev/asutp/vendor/framework/core/Router.php  ||  Строка: 114
*** *** *** *** ***
[ 2018-01-31 12:22:44 ]  ||  Текст ошибки: Запрашиваемая вами страница не найдена  ||  Файл: /var/www/dev/asutp/vendor/framework/core/Router.php  ||  Строка: 114
*** *** *** *** ***
[ 2018-01-31 12:24:31 ]  ||  Текст ошибки: Запрашиваемая вами страница не найдена  ||  Файл: /var/www/dev/asutp/vendor/framework/core/Router.php  ||  Строка: 114
*** *** *** *** ***
[ 2018-01-31 12:24:31 ]  ||  Текст ошибки: Запрашиваемая вами страница не найдена  ||  Файл: /var/www/dev/asutp/vendor/framework/core/Router.php  ||  Строка: 114
*** *** *** *** ***
[ 2018-01-31 12:30:24 ]  ||  Текст ошибки: Запрашиваемая вами страница не найдена  ||  Файл: /var/www/dev/asutp/vendor/framework/core/Router.php  ||  Строка: 114
*** *** *** *** ***
[ 2018-01-31 12:30:24 ]  ||  Текст ошибки: Запрашиваемая вами страница не найдена  ||  Файл: /var/www/dev/asutp/vendor/framework/core/Router.php  ||  Строка: 114
*** *** *** *** ***
[ 2018-01-31 12:30:24 ]  ||  Текст ошибки: Запрашиваемая вами страница не найдена  ||  Файл: /var/www/dev/asutp/vendor/framework/core/Router.php  ||  Строка: 114
*** *** *** *** ***
[ 2018-01-31 12:30:24 ]  ||  Текст ошибки: Запрашиваемая вами страница не найдена  ||  Файл: /var/www/dev/asutp/vendor/framework/core/Router.php  ||  Строка: 114
*** *** *** *** ***
[ 2018-01-31 12:30:24 ]  ||  Текст ошибки: Запрашиваемая вами страница не найдена  ||  Файл: /var/www/dev/asutp/vendor/framework/core/Router.php  ||  Строка: 114
*** *** *** *** ***
[ 2018-01-31 12:30:24 ]  ||  Текст ошибки: Запрашиваемая вами страница не найдена  ||  Файл: /var/www/dev/asutp/vendor/framework/core/Router.php  ||  Строка: 114
*** *** *** *** ***
[ 2018-01-31 12:30:47 ]  ||  Текст ошибки: Запрашиваемая вами страница не найдена  ||  Файл: /var/www/dev/asutp/vendor/framework/core/Router.php  ||  Строка: 114
*** *** *** *** ***
[ 2018-01-31 12:30:47 ]  ||  Текст ошибки: Запрашиваемая вами страница не найдена  ||  Файл: /var/www/dev/asutp/vendor/framework/core/Router.php  ||  Строка: 114
*** *** *** *** ***
[ 2018-01-31 12:30:47 ]  ||  Текст ошибки: Запрашиваемая вами страница не найдена  ||  Файл: /var/www/dev/asutp/vendor/framework/core/Router.php  ||  Строка: 114
*** *** *** *** ***
[ 2018-01-31 12:30:47 ]  ||  Текст ошибки: Запрашиваемая вами страница не найдена  ||  Файл: /var/www/dev/asutp/vendor/framework/core/Router.php  ||  Строка: 114
*** *** *** *** ***
[ 2018-01-31 12:30:47 ]  ||  Текст ошибки: Запрашиваемая вами страница не найдена  ||  Файл: /var/www/dev/asutp/vendor/framework/core/Router.php  ||  Строка: 114
*** *** *** *** ***
[ 2018-01-31 12:30:47 ]  ||  Текст ошибки: Запрашиваемая вами страница не найдена  ||  Файл: /var/www/dev/asutp/vendor/framework/core/Router.php  ||  Строка: 114
*** *** *** *** ***
[ 2018-01-31 12:31:08 ]  ||  Текст ошибки: Запрашиваемая вами страница не найдена  ||  Файл: /var/www/dev/asutp/vendor/framework/core/Router.php  ||  Строка: 114
*** *** *** *** ***
[ 2018-01-31 12:31:08 ]  ||  Текст ошибки: Запрашиваемая вами страница не найдена  ||  Файл: /var/www/dev/asutp/vendor/framework/core/Router.php  ||  Строка: 114
*** *** *** *** ***
[ 2018-01-31 12:31:08 ]  ||  Текст ошибки: Запрашиваемая вами страница не найдена  ||  Файл: /var/www/dev/asutp/vendor/framework/core/Router.php  ||  Строка: 114
*** *** *** *** ***
[ 2018-01-31 12:31:08 ]  ||  Текст ошибки: Запрашиваемая вами страница не найдена  ||  Файл: /var/www/dev/asutp/vendor/framework/core/Router.php  ||  Строка: 114
*** *** *** *** ***
[ 2018-01-31 12:31:08 ]  ||  Текст ошибки: Запрашиваемая вами страница не найдена  ||  Файл: /var/www/dev/asutp/vendor/framework/core/Router.php  ||  Строка: 114
*** *** *** *** ***
[ 2018-01-31 12:31:08 ]  ||  Текст ошибки: Запрашиваемая вами страница не найдена  ||  Файл: /var/www/dev/asutp/vendor/framework/core/Router.php  ||  Строка: 114
*** *** *** *** ***
[ 2018-01-31 12:31:43 ]  ||  Текст ошибки: Запрашиваемая вами страница не найдена  ||  Файл: /var/www/dev/asutp/vendor/framework/core/Router.php  ||  Строка: 114
*** *** *** *** ***
[ 2018-01-31 12:31:43 ]  ||  Текст ошибки: Запрашиваемая вами страница не найдена  ||  Файл: /var/www/dev/asutp/vendor/framework/core/Router.php  ||  Строка: 114
*** *** *** *** ***
[ 2018-01-31 12:31:43 ]  ||  Текст ошибки: Запрашиваемая вами страница не найдена  ||  Файл: /var/www/dev/asutp/vendor/framework/core/Router.php  ||  Строка: 114
*** *** *** *** ***
[ 2018-01-31 12:31:43 ]  ||  Текст ошибки: Запрашиваемая вами страница не найдена  ||  Файл: /var/www/dev/asutp/vendor/framework/core/Router.php  ||  Строка: 114
*** *** *** *** ***
[ 2018-01-31 12:31:43 ]  ||  Текст ошибки: Запрашиваемая вами страница не найдена  ||  Файл: /var/www/dev/asutp/vendor/framework/core/Router.php  ||  Строка: 114
*** *** *** *** ***
[ 2018-01-31 12:31:43 ]  ||  Текст ошибки: Запрашиваемая вами страница не найдена  ||  Файл: /var/www/dev/asutp/vendor/framework/core/Router.php  ||  Строка: 114
*** *** *** *** ***
[ 2018-01-31 12:47:22 ]  ||  Текст ошибки: Запрашиваемая вами страница не найдена  ||  Файл: /var/www/dev/asutp/vendor/framework/core/Router.php  ||  Строка: 114
*** *** *** *** ***
[ 2018-01-31 12:47:22 ]  ||  Текст ошибки: Запрашиваемая вами страница не найдена  ||  Файл: /var/www/dev/asutp/vendor/framework/core/Router.php  ||  Строка: 114
*** *** *** *** ***
[ 2018-01-31 12:47:22 ]  ||  Текст ошибки: Запрашиваемая вами страница не найдена  ||  Файл: /var/www/dev/asutp/vendor/framework/core/Router.php  ||  Строка: 114
*** *** *** *** ***
[ 2018-01-31 12:47:22 ]  ||  Текст ошибки: Запрашиваемая вами страница не найдена  ||  Файл: /var/www/dev/asutp/vendor/framework/core/Router.php  ||  Строка: 114
*** *** *** *** ***
[ 2018-01-31 12:47:22 ]  ||  Текст ошибки: Запрашиваемая вами страница не найдена  ||  Файл: /var/www/dev/asutp/vendor/framework/core/Router.php  ||  Строка: 114
*** *** *** *** ***
[ 2018-01-31 12:47:22 ]  ||  Текст ошибки: Запрашиваемая вами страница не найдена  ||  Файл: /var/www/dev/asutp/vendor/framework/core/Router.php  ||  Строка: 114
*** *** *** *** ***
[ 2018-01-31 12:47:22 ]  ||  Текст ошибки: Запрашиваемая вами страница не найдена  ||  Файл: /var/www/dev/asutp/vendor/framework/core/Router.php  ||  Строка: 114
*** *** *** *** ***
[ 2018-01-31 12:47:50 ]  ||  Текст ошибки: Запрашиваемая вами страница не найдена  ||  Файл: /var/www/dev/asutp/vendor/framework/core/Router.php  ||  Строка: 114
*** *** *** *** ***
[ 2018-01-31 12:48:24 ]  ||  Текст ошибки: Запрашиваемая вами страница не найдена  ||  Файл: /var/www/dev/asutp/vendor/framework/core/Router.php  ||  Строка: 114
*** *** *** *** ***
[ 2018-01-31 12:48:24 ]  ||  Текст ошибки: Запрашиваемая вами страница не найдена  ||  Файл: /var/www/dev/asutp/vendor/framework/core/Router.php  ||  Строка: 114
*** *** *** *** ***
[ 2018-01-31 12:48:24 ]  ||  Текст ошибки: Запрашиваемая вами страница не найдена  ||  Файл: /var/www/dev/asutp/vendor/framework/core/Router.php  ||  Строка: 114
*** *** *** *** ***
[ 2018-01-31 12:48:24 ]  ||  Текст ошибки: Запрашиваемая вами страница не найдена  ||  Файл: /var/www/dev/asutp/vendor/framework/core/Router.php  ||  Строка: 114
*** *** *** *** ***
[ 2018-01-31 12:48:24 ]  ||  Текст ошибки: Запрашиваемая вами страница не найдена  ||  Файл: /var/www/dev/asutp/vendor/framework/core/Router.php  ||  Строка: 114
*** *** *** *** ***
[ 2018-01-31 12:48:24 ]  ||  Текст ошибки: Запрашиваемая вами страница не найдена  ||  Файл: /var/www/dev/asutp/vendor/framework/core/Router.php  ||  Строка: 114
*** *** *** *** ***
[ 2018-01-31 12:54:02 ]  ||  Текст ошибки: Запрашиваемая вами страница не найдена  ||  Файл: /var/www/dev/asutp/vendor/framework/core/Router.php  ||  Строка: 114
*** *** *** *** ***
[ 2018-01-31 12:54:02 ]  ||  Текст ошибки: Запрашиваемая вами страница не найдена  ||  Файл: /var/www/dev/asutp/vendor/framework/core/Router.php  ||  Строка: 114
*** *** *** *** ***
[ 2018-01-31 12:54:02 ]  ||  Текст ошибки: Запрашиваемая вами страница не найдена  ||  Файл: /var/www/dev/asutp/vendor/framework/core/Router.php  ||  Строка: 114
*** *** *** *** ***
[ 2018-01-31 12:54:02 ]  ||  Текст ошибки: Запрашиваемая вами страница не найдена  ||  Файл: /var/www/dev/asutp/vendor/framework/core/Router.php  ||  Строка: 114
*** *** *** *** ***
[ 2018-01-31 12:54:02 ]  ||  Текст ошибки: Запрашиваемая вами страница не найдена  ||  Файл: /var/www/dev/asutp/vendor/framework/core/Router.php  ||  Строка: 114
*** *** *** *** ***
[ 2018-01-31 12:54:02 ]  ||  Текст ошибки: Запрашиваемая вами страница не найдена  ||  Файл: /var/www/dev/asutp/vendor/framework/core/Router.php  ||  Строка: 114
*** *** *** *** ***
[ 2018-01-31 12:54:02 ]  ||  Текст ошибки: Запрашиваемая вами страница не найдена  ||  Файл: /var/www/dev/asutp/vendor/framework/core/Router.php  ||  Строка: 114
*** *** *** *** ***
[ 2018-01-31 12:54:02 ]  ||  Текст ошибки: Запрашиваемая вами страница не найдена  ||  Файл: /var/www/dev/asutp/vendor/framework/core/Router.php  ||  Строка: 114
*** *** *** *** ***
[ 2018-01-31 12:54:02 ]  ||  Текст ошибки: Запрашиваемая вами страница не найдена  ||  Файл: /var/www/dev/asutp/vendor/framework/core/Router.php  ||  Строка: 114
*** *** *** *** ***
[ 2018-01-31 12:58:20 ]  ||  Текст ошибки: Запрашиваемая вами страница не найдена  ||  Файл: /var/www/dev/asutp/vendor/framework/core/Router.php  ||  Строка: 114
*** *** *** *** ***
[ 2018-01-31 12:58:20 ]  ||  Текст ошибки: Запрашиваемая вами страница не найдена  ||  Файл: /var/www/dev/asutp/vendor/framework/core/Router.php  ||  Строка: 114
*** *** *** *** ***
[ 2018-01-31 12:58:20 ]  ||  Текст ошибки: Запрашиваемая вами страница не найдена  ||  Файл: /var/www/dev/asutp/vendor/framework/core/Router.php  ||  Строка: 114
*** *** *** *** ***
[ 2018-01-31 12:58:20 ]  ||  Текст ошибки: Запрашиваемая вами страница не найдена  ||  Файл: /var/www/dev/asutp/vendor/framework/core/Router.php  ||  Строка: 114
*** *** *** *** ***
[ 2018-01-31 12:58:20 ]  ||  Текст ошибки: Запрашиваемая вами страница не найдена  ||  Файл: /var/www/dev/asutp/vendor/framework/core/Router.php  ||  Строка: 114
*** *** *** *** ***
[ 2018-01-31 12:58:20 ]  ||  Текст ошибки: Запрашиваемая вами страница не найдена  ||  Файл: /var/www/dev/asutp/vendor/framework/core/Router.php  ||  Строка: 114
*** *** *** *** ***
[ 2018-01-31 12:58:20 ]  ||  Текст ошибки: Запрашиваемая вами страница не найдена  ||  Файл: /var/www/dev/asutp/vendor/framework/core/Router.php  ||  Строка: 114
*** *** *** *** ***
[ 2018-01-31 12:58:20 ]  ||  Текст ошибки: Запрашиваемая вами страница не найдена  ||  Файл: /var/www/dev/asutp/vendor/framework/core/Router.php  ||  Строка: 114
*** *** *** *** ***
[ 2018-01-31 12:58:20 ]  ||  Текст ошибки: Запрашиваемая вами страница не найдена  ||  Файл: /var/www/dev/asutp/vendor/framework/core/Router.php  ||  Строка: 114
*** *** *** *** ***
[ 2018-01-31 13:06:04 ]  ||  Текст ошибки: Запрашиваемая вами страница не найдена  ||  Файл: /var/www/dev/asutp/vendor/framework/core/Router.php  ||  Строка: 114
*** *** *** *** ***
[ 2018-01-31 13:06:04 ]  ||  Текст ошибки: Запрашиваемая вами страница не найдена  ||  Файл: /var/www/dev/asutp/vendor/framework/core/Router.php  ||  Строка: 114
*** *** *** *** ***
[ 2018-01-31 13:06:04 ]  ||  Текст ошибки: Запрашиваемая вами страница не найдена  ||  Файл: /var/www/dev/asutp/vendor/framework/core/Router.php  ||  Строка: 114
*** *** *** *** ***
[ 2018-01-31 13:06:04 ]  ||  Текст ошибки: Запрашиваемая вами страница не найдена  ||  Файл: /var/www/dev/asutp/vendor/framework/core/Router.php  ||  Строка: 114
*** *** *** *** ***
[ 2018-01-31 13:06:04 ]  ||  Текст ошибки: Запрашиваемая вами страница не найдена  ||  Файл: /var/www/dev/asutp/vendor/framework/core/Router.php  ||  Строка: 114
*** *** *** *** ***
[ 2018-01-31 13:06:04 ]  ||  Текст ошибки: Запрашиваемая вами страница не найдена  ||  Файл: /var/www/dev/asutp/vendor/framework/core/Router.php  ||  Строка: 114
*** *** *** *** ***
[ 2018-01-31 13:06:44 ]  ||  Текст ошибки: Запрашиваемая вами страница не найдена  ||  Файл: /var/www/dev/asutp/vendor/framework/core/Router.php  ||  Строка: 114
*** *** *** *** ***
[ 2018-01-31 13:06:47 ]  ||  Текст ошибки: Запрашиваемая вами страница не найдена  ||  Файл: /var/www/dev/asutp/vendor/framework/core/Router.php  ||  Строка: 114
*** *** *** *** ***
[ 2018-01-31 13:06:47 ]  ||  Текст ошибки: Запрашиваемая вами страница не найдена  ||  Файл: /var/www/dev/asutp/vendor/framework/core/Router.php  ||  Строка: 114
*** *** *** *** ***
[ 2018-01-31 13:06:47 ]  ||  Текст ошибки: Запрашиваемая вами страница не найдена  ||  Файл: /var/www/dev/asutp/vendor/framework/core/Router.php  ||  Строка: 114
*** *** *** *** ***
[ 2018-01-31 13:06:47 ]  ||  Текст ошибки: Запрашиваемая вами страница не найдена  ||  Файл: /var/www/dev/asutp/vendor/framework/core/Router.php  ||  Строка: 114
*** *** *** *** ***
[ 2018-01-31 13:06:47 ]  ||  Текст ошибки: Запрашиваемая вами страница не найдена  ||  Файл: /var/www/dev/asutp/vendor/framework/core/Router.php  ||  Строка: 114
*** *** *** *** ***
[ 2018-01-31 13:06:47 ]  ||  Текст ошибки: Запрашиваемая вами страница не найдена  ||  Файл: /var/www/dev/asutp/vendor/framework/core/Router.php  ||  Строка: 114
*** *** *** *** ***
[ 2018-01-31 13:08:13 ]  ||  Текст ошибки: Запрашиваемая вами страница не найдена  ||  Файл: /var/www/dev/asutp/vendor/framework/core/Router.php  ||  Строка: 114
*** *** *** *** ***
[ 2018-01-31 13:08:13 ]  ||  Текст ошибки: Запрашиваемая вами страница не найдена  ||  Файл: /var/www/dev/asutp/vendor/framework/core/Router.php  ||  Строка: 114
*** *** *** *** ***
[ 2018-01-31 13:08:13 ]  ||  Текст ошибки: Запрашиваемая вами страница не найдена  ||  Файл: /var/www/dev/asutp/vendor/framework/core/Router.php  ||  Строка: 114
*** *** *** *** ***
[ 2018-01-31 13:08:13 ]  ||  Текст ошибки: Запрашиваемая вами страница не найдена  ||  Файл: /var/www/dev/asutp/vendor/framework/core/Router.php  ||  Строка: 114
*** *** *** *** ***
[ 2018-01-31 13:08:13 ]  ||  Текст ошибки: Запрашиваемая вами страница не найдена  ||  Файл: /var/www/dev/asutp/vendor/framework/core/Router.php  ||  Строка: 114
*** *** *** *** ***
[ 2018-01-31 13:08:13 ]  ||  Текст ошибки: Запрашиваемая вами страница не найдена  ||  Файл: /var/www/dev/asutp/vendor/framework/core/Router.php  ||  Строка: 114
*** *** *** *** ***
[ 2018-01-31 13:08:45 ]  ||  Текст ошибки: Метод <b>app\controllers\CoreuiController::typographyAction()</b> не найден.  ||  Файл: /var/www/dev/asutp/vendor/framework/core/Router.php  ||  Строка: 105
*** *** *** *** ***
[ 2018-01-31 13:13:18 ]  ||  Текст ошибки: Запрашиваемая вами страница не найдена  ||  Файл: /var/www/dev/asutp/vendor/framework/core/Router.php  ||  Строка: 114
*** *** *** *** ***
[ 2018-01-31 13:13:18 ]  ||  Текст ошибки: Запрашиваемая вами страница не найдена  ||  Файл: /var/www/dev/asutp/vendor/framework/core/Router.php  ||  Строка: 114
*** *** *** *** ***
[ 2018-01-31 13:13:18 ]  ||  Текст ошибки: Запрашиваемая вами страница не найдена  ||  Файл: /var/www/dev/asutp/vendor/framework/core/Router.php  ||  Строка: 114
*** *** *** *** ***
[ 2018-01-31 13:13:18 ]  ||  Текст ошибки: Запрашиваемая вами страница не найдена  ||  Файл: /var/www/dev/asutp/vendor/framework/core/Router.php  ||  Строка: 114
*** *** *** *** ***
[ 2018-01-31 13:13:18 ]  ||  Текст ошибки: Запрашиваемая вами страница не найдена  ||  Файл: /var/www/dev/asutp/vendor/framework/core/Router.php  ||  Строка: 114
*** *** *** *** ***
[ 2018-01-31 13:13:18 ]  ||  Текст ошибки: Запрашиваемая вами страница не найдена  ||  Файл: /var/www/dev/asutp/vendor/framework/core/Router.php  ||  Строка: 114
*** *** *** *** ***
[ 2018-01-31 13:14:56 ]  ||  Текст ошибки: Запрашиваемая вами страница не найдена  ||  Файл: /var/www/dev/asutp/vendor/framework/core/Router.php  ||  Строка: 114
*** *** *** *** ***
[ 2018-01-31 13:14:56 ]  ||  Текст ошибки: Запрашиваемая вами страница не найдена  ||  Файл: /var/www/dev/asutp/vendor/framework/core/Router.php  ||  Строка: 114
*** *** *** *** ***
[ 2018-01-31 13:14:56 ]  ||  Текст ошибки: Запрашиваемая вами страница не найдена  ||  Файл: /var/www/dev/asutp/vendor/framework/core/Router.php  ||  Строка: 114
*** *** *** *** ***
[ 2018-01-31 13:14:56 ]  ||  Текст ошибки: Запрашиваемая вами страница не найдена  ||  Файл: /var/www/dev/asutp/vendor/framework/core/Router.php  ||  Строка: 114
*** *** *** *** ***
[ 2018-01-31 13:14:56 ]  ||  Текст ошибки: Запрашиваемая вами страница не найдена  ||  Файл: /var/www/dev/asutp/vendor/framework/core/Router.php  ||  Строка: 114
*** *** *** *** ***
[ 2018-01-31 13:14:56 ]  ||  Текст ошибки: Запрашиваемая вами страница не найдена  ||  Файл: /var/www/dev/asutp/vendor/framework/core/Router.php  ||  Строка: 114
*** *** *** *** ***
[ 2018-01-31 13:23:20 ]  ||  Текст ошибки: Запрашиваемая вами страница не найдена  ||  Файл: /var/www/dev/asutp/vendor/framework/core/Router.php  ||  Строка: 114
*** *** *** *** ***
[ 2018-01-31 13:23:20 ]  ||  Текст ошибки: Запрашиваемая вами страница не найдена  ||  Файл: /var/www/dev/asutp/vendor/framework/core/Router.php  ||  Строка: 114
*** *** *** *** ***
[ 2018-01-31 13:23:20 ]  ||  Текст ошибки: Запрашиваемая вами страница не найдена  ||  Файл: /var/www/dev/asutp/vendor/framework/core/Router.php  ||  Строка: 114
*** *** *** *** ***
[ 2018-01-31 13:23:20 ]  ||  Текст ошибки: Запрашиваемая вами страница не найдена  ||  Файл: /var/www/dev/asutp/vendor/framework/core/Router.php  ||  Строка: 114
*** *** *** *** ***
[ 2018-01-31 13:23:20 ]  ||  Текст ошибки: Запрашиваемая вами страница не найдена  ||  Файл: /var/www/dev/asutp/vendor/framework/core/Router.php  ||  Строка: 114
*** *** *** *** ***
[ 2018-01-31 13:23:20 ]  ||  Текст ошибки: Запрашиваемая вами страница не найдена  ||  Файл: /var/www/dev/asutp/vendor/framework/core/Router.php  ||  Строка: 114
*** *** *** *** ***
[ 2018-01-31 13:26:15 ]  ||  Текст ошибки: Запрашиваемая вами страница не найдена  ||  Файл: /var/www/dev/asutp/vendor/framework/core/Router.php  ||  Строка: 114
*** *** *** *** ***
[ 2018-01-31 13:26:15 ]  ||  Текст ошибки: Запрашиваемая вами страница не найдена  ||  Файл: /var/www/dev/asutp/vendor/framework/core/Router.php  ||  Строка: 114
*** *** *** *** ***
[ 2018-01-31 13:26:15 ]  ||  Текст ошибки: Запрашиваемая вами страница не найдена  ||  Файл: /var/www/dev/asutp/vendor/framework/core/Router.php  ||  Строка: 114
*** *** *** *** ***
[ 2018-01-31 13:26:15 ]  ||  Текст ошибки: Запрашиваемая вами страница не найдена  ||  Файл: /var/www/dev/asutp/vendor/framework/core/Router.php  ||  Строка: 114
*** *** *** *** ***
[ 2018-01-31 13:26:15 ]  ||  Текст ошибки: Запрашиваемая вами страница не найдена  ||  Файл: /var/www/dev/asutp/vendor/framework/core/Router.php  ||  Строка: 114
*** *** *** *** ***
[ 2018-01-31 13:26:15 ]  ||  Текст ошибки: Запрашиваемая вами страница не найдена  ||  Файл: /var/www/dev/asutp/vendor/framework/core/Router.php  ||  Строка: 114
*** *** *** *** ***
[ 2018-01-31 13:26:43 ]  ||  Текст ошибки: Запрашиваемая вами страница не найдена  ||  Файл: /var/www/dev/asutp/vendor/framework/core/Router.php  ||  Строка: 114
*** *** *** *** ***
[ 2018-01-31 13:26:43 ]  ||  Текст ошибки: Запрашиваемая вами страница не найдена  ||  Файл: /var/www/dev/asutp/vendor/framework/core/Router.php  ||  Строка: 114
*** *** *** *** ***
[ 2018-01-31 13:26:43 ]  ||  Текст ошибки: Запрашиваемая вами страница не найдена  ||  Файл: /var/www/dev/asutp/vendor/framework/core/Router.php  ||  Строка: 114
*** *** *** *** ***
[ 2018-01-31 13:26:43 ]  ||  Текст ошибки: Запрашиваемая вами страница не найдена  ||  Файл: /var/www/dev/asutp/vendor/framework/core/Router.php  ||  Строка: 114
*** *** *** *** ***
[ 2018-01-31 13:26:43 ]  ||  Текст ошибки: Запрашиваемая вами страница не найдена  ||  Файл: /var/www/dev/asutp/vendor/framework/core/Router.php  ||  Строка: 114
*** *** *** *** ***
[ 2018-01-31 13:26:43 ]  ||  Текст ошибки: Запрашиваемая вами страница не найдена  ||  Файл: /var/www/dev/asutp/vendor/framework/core/Router.php  ||  Строка: 114
*** *** *** *** ***
[ 2018-01-31 13:27:05 ]  ||  Текст ошибки: Запрашиваемая вами страница не найдена  ||  Файл: /var/www/dev/asutp/vendor/framework/core/Router.php  ||  Строка: 114
*** *** *** *** ***
[ 2018-01-31 13:27:05 ]  ||  Текст ошибки: Запрашиваемая вами страница не найдена  ||  Файл: /var/www/dev/asutp/vendor/framework/core/Router.php  ||  Строка: 114
*** *** *** *** ***
[ 2018-01-31 13:27:05 ]  ||  Текст ошибки: Запрашиваемая вами страница не найдена  ||  Файл: /var/www/dev/asutp/vendor/framework/core/Router.php  ||  Строка: 114
*** *** *** *** ***
[ 2018-01-31 13:27:05 ]  ||  Текст ошибки: Запрашиваемая вами страница не найдена  ||  Файл: /var/www/dev/asutp/vendor/framework/core/Router.php  ||  Строка: 114
*** *** *** *** ***
[ 2018-01-31 13:27:05 ]  ||  Текст ошибки: Запрашиваемая вами страница не найдена  ||  Файл: /var/www/dev/asutp/vendor/framework/core/Router.php  ||  Строка: 114
*** *** *** *** ***
[ 2018-01-31 13:27:05 ]  ||  Текст ошибки: Запрашиваемая вами страница не найдена  ||  Файл: /var/www/dev/asutp/vendor/framework/core/Router.php  ||  Строка: 114
*** *** *** *** ***
[ 2018-01-31 13:50:39 ]  ||  Текст ошибки: Запрашиваемая вами страница не найдена  ||  Файл: /var/www/dev/asutp/vendor/framework/core/Router.php  ||  Строка: 114
*** *** *** *** ***
[ 2018-01-31 13:50:40 ]  ||  Текст ошибки: Запрашиваемая вами страница не найдена  ||  Файл: /var/www/dev/asutp/vendor/framework/core/Router.php  ||  Строка: 114
*** *** *** *** ***
[ 2018-01-31 13:50:40 ]  ||  Текст ошибки: Запрашиваемая вами страница не найдена  ||  Файл: /var/www/dev/asutp/vendor/framework/core/Router.php  ||  Строка: 114
*** *** *** *** ***
[ 2018-01-31 13:50:40 ]  ||  Текст ошибки: Запрашиваемая вами страница не найдена  ||  Файл: /var/www/dev/asutp/vendor/framework/core/Router.php  ||  Строка: 114
*** *** *** *** ***
[ 2018-01-31 13:50:40 ]  ||  Текст ошибки: Запрашиваемая вами страница не найдена  ||  Файл: /var/www/dev/asutp/vendor/framework/core/Router.php  ||  Строка: 114
*** *** *** *** ***
[ 2018-01-31 13:50:40 ]  ||  Текст ошибки: Запрашиваемая вами страница не найдена  ||  Файл: /var/www/dev/asutp/vendor/framework/core/Router.php  ||  Строка: 114
*** *** *** *** ***
[ 2018-01-31 13:50:47 ]  ||  Текст ошибки: Запрашиваемая вами страница не найдена  ||  Файл: /var/www/dev/asutp/vendor/framework/core/Router.php  ||  Строка: 114
*** *** *** *** ***
[ 2018-01-31 13:50:47 ]  ||  Текст ошибки: Запрашиваемая вами страница не найдена  ||  Файл: /var/www/dev/asutp/vendor/framework/core/Router.php  ||  Строка: 114
*** *** *** *** ***
[ 2018-01-31 13:50:47 ]  ||  Текст ошибки: Запрашиваемая вами страница не найдена  ||  Файл: /var/www/dev/asutp/vendor/framework/core/Router.php  ||  Строка: 114
*** *** *** *** ***
[ 2018-01-31 13:50:47 ]  ||  Текст ошибки: Запрашиваемая вами страница не найдена  ||  Файл: /var/www/dev/asutp/vendor/framework/core/Router.php  ||  Строка: 114
*** *** *** *** ***
[ 2018-01-31 13:50:47 ]  ||  Текст ошибки: Запрашиваемая вами страница не найдена  ||  Файл: /var/www/dev/asutp/vendor/framework/core/Router.php  ||  Строка: 114
*** *** *** *** ***
[ 2018-01-31 13:50:47 ]  ||  Текст ошибки: Запрашиваемая вами страница не найдена  ||  Файл: /var/www/dev/asutp/vendor/framework/core/Router.php  ||  Строка: 114
*** *** *** *** ***
[ 2018-01-31 13:52:30 ]  ||  Текст ошибки: Котроллер <b>app\controllers\WidgetsController</b> не найден.  ||  Файл: /var/www/dev/asutp/vendor/framework/core/Router.php  ||  Строка: 109
*** *** *** *** ***
[ 2018-01-31 13:52:30 ]  ||  Текст ошибки: Запрашиваемая вами страница не найдена  ||  Файл: /var/www/dev/asutp/vendor/framework/core/Router.php  ||  Строка: 114
*** *** *** *** ***
[ 2018-01-31 13:52:30 ]  ||  Текст ошибки: Запрашиваемая вами страница не найдена  ||  Файл: /var/www/dev/asutp/vendor/framework/core/Router.php  ||  Строка: 114
*** *** *** *** ***
[ 2018-01-31 13:52:32 ]  ||  Текст ошибки: Запрашиваемая вами страница не найдена  ||  Файл: /var/www/dev/asutp/vendor/framework/core/Router.php  ||  Строка: 114
*** *** *** *** ***
[ 2018-01-31 13:52:32 ]  ||  Текст ошибки: Запрашиваемая вами страница не найдена  ||  Файл: /var/www/dev/asutp/vendor/framework/core/Router.php  ||  Строка: 114
*** *** *** *** ***
[ 2018-01-31 13:52:32 ]  ||  Текст ошибки: Запрашиваемая вами страница не найдена  ||  Файл: /var/www/dev/asutp/vendor/framework/core/Router.php  ||  Строка: 114
*** *** *** *** ***
[ 2018-01-31 13:52:32 ]  ||  Текст ошибки: Запрашиваемая вами страница не найдена  ||  Файл: /var/www/dev/asutp/vendor/framework/core/Router.php  ||  Строка: 114
*** *** *** *** ***
[ 2018-01-31 13:52:32 ]  ||  Текст ошибки: Запрашиваемая вами страница не найдена  ||  Файл: /var/www/dev/asutp/vendor/framework/core/Router.php  ||  Строка: 114
*** *** *** *** ***
[ 2018-01-31 13:52:32 ]  ||  Текст ошибки: Запрашиваемая вами страница не найдена  ||  Файл: /var/www/dev/asutp/vendor/framework/core/Router.php  ||  Строка: 114
*** *** *** *** ***
[ 2018-01-31 13:54:06 ]  ||  Текст ошибки: Котроллер <b>app\controllers\WidgetsController</b> не найден.  ||  Файл: /var/www/dev/asutp/vendor/framework/core/Router.php  ||  Строка: 109
*** *** *** *** ***
[ 2018-01-31 13:54:06 ]  ||  Текст ошибки: Запрашиваемая вами страница не найдена  ||  Файл: /var/www/dev/asutp/vendor/framework/core/Router.php  ||  Строка: 114
*** *** *** *** ***
[ 2018-01-31 13:54:08 ]  ||  Текст ошибки: Запрашиваемая вами страница не найдена  ||  Файл: /var/www/dev/asutp/vendor/framework/core/Router.php  ||  Строка: 114
*** *** *** *** ***
[ 2018-01-31 13:54:08 ]  ||  Текст ошибки: Запрашиваемая вами страница не найдена  ||  Файл: /var/www/dev/asutp/vendor/framework/core/Router.php  ||  Строка: 114
*** *** *** *** ***
[ 2018-01-31 13:54:08 ]  ||  Текст ошибки: Запрашиваемая вами страница не найдена  ||  Файл: /var/www/dev/asutp/vendor/framework/core/Router.php  ||  Строка: 114
*** *** *** *** ***
[ 2018-01-31 13:54:08 ]  ||  Текст ошибки: Запрашиваемая вами страница не найдена  ||  Файл: /var/www/dev/asutp/vendor/framework/core/Router.php  ||  Строка: 114
*** *** *** *** ***
[ 2018-01-31 13:54:08 ]  ||  Текст ошибки: Запрашиваемая вами страница не найдена  ||  Файл: /var/www/dev/asutp/vendor/framework/core/Router.php  ||  Строка: 114
*** *** *** *** ***
[ 2018-01-31 13:54:08 ]  ||  Текст ошибки: Запрашиваемая вами страница не найдена  ||  Файл: /var/www/dev/asutp/vendor/framework/core/Router.php  ||  Строка: 114
*** *** *** *** ***
[ 2018-01-31 13:54:10 ]  ||  Текст ошибки: Котроллер <b>app\controllers\WidgetsController</b> не найден.  ||  Файл: /var/www/dev/asutp/vendor/framework/core/Router.php  ||  Строка: 109
*** *** *** *** ***
[ 2018-01-31 13:54:10 ]  ||  Текст ошибки: Запрашиваемая вами страница не найдена  ||  Файл: /var/www/dev/asutp/vendor/framework/core/Router.php  ||  Строка: 114
*** *** *** *** ***
[ 2018-01-31 13:54:16 ]  ||  Текст ошибки: Запрашиваемая вами страница не найдена  ||  Файл: /var/www/dev/asutp/vendor/framework/core/Router.php  ||  Строка: 114
*** *** *** *** ***
[ 2018-01-31 13:54:16 ]  ||  Текст ошибки: Запрашиваемая вами страница не найдена  ||  Файл: /var/www/dev/asutp/vendor/framework/core/Router.php  ||  Строка: 114
*** *** *** *** ***
[ 2018-01-31 13:54:16 ]  ||  Текст ошибки: Запрашиваемая вами страница не найдена  ||  Файл: /var/www/dev/asutp/vendor/framework/core/Router.php  ||  Строка: 114
*** *** *** *** ***
[ 2018-01-31 13:54:16 ]  ||  Текст ошибки: Запрашиваемая вами страница не найдена  ||  Файл: /var/www/dev/asutp/vendor/framework/core/Router.php  ||  Строка: 114
*** *** *** *** ***
[ 2018-01-31 13:54:16 ]  ||  Текст ошибки: Запрашиваемая вами страница не найдена  ||  Файл: /var/www/dev/asutp/vendor/framework/core/Router.php  ||  Строка: 114
*** *** *** *** ***
[ 2018-01-31 13:54:16 ]  ||  Текст ошибки: Запрашиваемая вами страница не найдена  ||  Файл: /var/www/dev/asutp/vendor/framework/core/Router.php  ||  Строка: 114
*** *** *** *** ***
[ 2018-01-31 13:54:37 ]  ||  Текст ошибки: Запрашиваемая вами страница не найдена  ||  Файл: /var/www/dev/asutp/vendor/framework/core/Router.php  ||  Строка: 114
*** *** *** *** ***
[ 2018-01-31 13:54:40 ]  ||  Текст ошибки: Запрашиваемая вами страница не найдена  ||  Файл: /var/www/dev/asutp/vendor/framework/core/Router.php  ||  Строка: 114
*** *** *** *** ***
[ 2018-01-31 13:54:40 ]  ||  Текст ошибки: Запрашиваемая вами страница не найдена  ||  Файл: /var/www/dev/asutp/vendor/framework/core/Router.php  ||  Строка: 114
*** *** *** *** ***
[ 2018-01-31 13:54:40 ]  ||  Текст ошибки: Запрашиваемая вами страница не найдена  ||  Файл: /var/www/dev/asutp/vendor/framework/core/Router.php  ||  Строка: 114
*** *** *** *** ***
[ 2018-01-31 13:54:40 ]  ||  Текст ошибки: Запрашиваемая вами страница не найдена  ||  Файл: /var/www/dev/asutp/vendor/framework/core/Router.php  ||  Строка: 114
*** *** *** *** ***
[ 2018-01-31 13:54:40 ]  ||  Текст ошибки: Запрашиваемая вами страница не найдена  ||  Файл: /var/www/dev/asutp/vendor/framework/core/Router.php  ||  Строка: 114
*** *** *** *** ***
[ 2018-01-31 13:54:40 ]  ||  Текст ошибки: Запрашиваемая вами страница не найдена  ||  Файл: /var/www/dev/asutp/vendor/framework/core/Router.php  ||  Строка: 114
*** *** *** *** ***
[ 2018-01-31 13:54:43 ]  ||  Текст ошибки: Запрашиваемая вами страница не найдена  ||  Файл: /var/www/dev/asutp/vendor/framework/core/Router.php  ||  Строка: 114
*** *** *** *** ***
[ 2018-01-31 13:54:47 ]  ||  Текст ошибки: Запрашиваемая вами страница не найдена  ||  Файл: /var/www/dev/asutp/vendor/framework/core/Router.php  ||  Строка: 114
*** *** *** *** ***
[ 2018-01-31 13:54:47 ]  ||  Текст ошибки: Запрашиваемая вами страница не найдена  ||  Файл: /var/www/dev/asutp/vendor/framework/core/Router.php  ||  Строка: 114
*** *** *** *** ***
[ 2018-01-31 13:54:47 ]  ||  Текст ошибки: Запрашиваемая вами страница не найдена  ||  Файл: /var/www/dev/asutp/vendor/framework/core/Router.php  ||  Строка: 114
*** *** *** *** ***
[ 2018-01-31 13:54:47 ]  ||  Текст ошибки: Запрашиваемая вами страница не найдена  ||  Файл: /var/www/dev/asutp/vendor/framework/core/Router.php  ||  Строка: 114
*** *** *** *** ***
[ 2018-01-31 13:54:47 ]  ||  Текст ошибки: Запрашиваемая вами страница не найдена  ||  Файл: /var/www/dev/asutp/vendor/framework/core/Router.php  ||  Строка: 114
*** *** *** *** ***
[ 2018-01-31 13:54:47 ]  ||  Текст ошибки: Запрашиваемая вами страница не найдена  ||  Файл: /var/www/dev/asutp/vendor/framework/core/Router.php  ||  Строка: 114
*** *** *** *** ***
[ 2018-01-31 13:56:06 ]  ||  Текст ошибки: Запрашиваемая вами страница не найдена  ||  Файл: /var/www/dev/asutp/vendor/framework/core/Router.php  ||  Строка: 114
*** *** *** *** ***
[ 2018-01-31 13:56:06 ]  ||  Текст ошибки: Запрашиваемая вами страница не найдена  ||  Файл: /var/www/dev/asutp/vendor/framework/core/Router.php  ||  Строка: 114
*** *** *** *** ***
[ 2018-01-31 13:56:06 ]  ||  Текст ошибки: Запрашиваемая вами страница не найдена  ||  Файл: /var/www/dev/asutp/vendor/framework/core/Router.php  ||  Строка: 114
*** *** *** *** ***
[ 2018-01-31 13:56:06 ]  ||  Текст ошибки: Запрашиваемая вами страница не найдена  ||  Файл: /var/www/dev/asutp/vendor/framework/core/Router.php  ||  Строка: 114
*** *** *** *** ***
[ 2018-01-31 13:56:06 ]  ||  Текст ошибки: Запрашиваемая вами страница не найдена  ||  Файл: /var/www/dev/asutp/vendor/framework/core/Router.php  ||  Строка: 114
*** *** *** *** ***
[ 2018-01-31 13:56:06 ]  ||  Текст ошибки: Запрашиваемая вами страница не найдена  ||  Файл: /var/www/dev/asutp/vendor/framework/core/Router.php  ||  Строка: 114
*** *** *** *** ***
[ 2018-01-31 13:58:27 ]  ||  Текст ошибки: Запрашиваемая вами страница не найдена  ||  Файл: /var/www/dev/asutp/vendor/framework/core/Router.php  ||  Строка: 114
*** *** *** *** ***
[ 2018-01-31 13:58:27 ]  ||  Текст ошибки: Запрашиваемая вами страница не найдена  ||  Файл: /var/www/dev/asutp/vendor/framework/core/Router.php  ||  Строка: 114
*** *** *** *** ***
[ 2018-01-31 13:58:27 ]  ||  Текст ошибки: Запрашиваемая вами страница не найдена  ||  Файл: /var/www/dev/asutp/vendor/framework/core/Router.php  ||  Строка: 114
*** *** *** *** ***
[ 2018-01-31 13:58:27 ]  ||  Текст ошибки: Запрашиваемая вами страница не найдена  ||  Файл: /var/www/dev/asutp/vendor/framework/core/Router.php  ||  Строка: 114
*** *** *** *** ***
[ 2018-01-31 13:58:27 ]  ||  Текст ошибки: Запрашиваемая вами страница не найдена  ||  Файл: /var/www/dev/asutp/vendor/framework/core/Router.php  ||  Строка: 114
*** *** *** *** ***
[ 2018-01-31 13:58:27 ]  ||  Текст ошибки: Запрашиваемая вами страница не найдена  ||  Файл: /var/www/dev/asutp/vendor/framework/core/Router.php  ||  Строка: 114
*** *** *** *** ***
[ 2018-01-31 13:58:32 ]  ||  Текст ошибки: Котроллер <b>app\controllers\ColorsController</b> не найден.  ||  Файл: /var/www/dev/asutp/vendor/framework/core/Router.php  ||  Строка: 109
*** *** *** *** ***
[ 2018-01-31 13:58:32 ]  ||  Текст ошибки: Запрашиваемая вами страница не найдена  ||  Файл: /var/www/dev/asutp/vendor/framework/core/Router.php  ||  Строка: 114
*** *** *** *** ***
[ 2018-01-31 13:58:36 ]  ||  Текст ошибки: Запрашиваемая вами страница не найдена  ||  Файл: /var/www/dev/asutp/vendor/framework/core/Router.php  ||  Строка: 114
*** *** *** *** ***
[ 2018-01-31 13:58:36 ]  ||  Текст ошибки: Запрашиваемая вами страница не найдена  ||  Файл: /var/www/dev/asutp/vendor/framework/core/Router.php  ||  Строка: 114
*** *** *** *** ***
[ 2018-01-31 13:58:36 ]  ||  Текст ошибки: Запрашиваемая вами страница не найдена  ||  Файл: /var/www/dev/asutp/vendor/framework/core/Router.php  ||  Строка: 114
*** *** *** *** ***
[ 2018-01-31 13:58:36 ]  ||  Текст ошибки: Запрашиваемая вами страница не найдена  ||  Файл: /var/www/dev/asutp/vendor/framework/core/Router.php  ||  Строка: 114
*** *** *** *** ***
[ 2018-01-31 13:58:36 ]  ||  Текст ошибки: Запрашиваемая вами страница не найдена  ||  Файл: /var/www/dev/asutp/vendor/framework/core/Router.php  ||  Строка: 114
*** *** *** *** ***
[ 2018-01-31 13:58:36 ]  ||  Текст ошибки: Запрашиваемая вами страница не найдена  ||  Файл: /var/www/dev/asutp/vendor/framework/core/Router.php  ||  Строка: 114
*** *** *** *** ***
[ 2018-01-31 13:58:52 ]  ||  Текст ошибки: Запрашиваемая вами страница не найдена  ||  Файл: /var/www/dev/asutp/vendor/framework/core/Router.php  ||  Строка: 114
*** *** *** *** ***
[ 2018-01-31 13:58:52 ]  ||  Текст ошибки: Запрашиваемая вами страница не найдена  ||  Файл: /var/www/dev/asutp/vendor/framework/core/Router.php  ||  Строка: 114
*** *** *** *** ***
[ 2018-01-31 13:58:52 ]  ||  Текст ошибки: Запрашиваемая вами страница не найдена  ||  Файл: /var/www/dev/asutp/vendor/framework/core/Router.php  ||  Строка: 114
*** *** *** *** ***
[ 2018-01-31 13:58:52 ]  ||  Текст ошибки: Запрашиваемая вами страница не найдена  ||  Файл: /var/www/dev/asutp/vendor/framework/core/Router.php  ||  Строка: 114
*** *** *** *** ***
[ 2018-01-31 13:58:52 ]  ||  Текст ошибки: Запрашиваемая вами страница не найдена  ||  Файл: /var/www/dev/asutp/vendor/framework/core/Router.php  ||  Строка: 114
*** *** *** *** ***
[ 2018-01-31 13:58:52 ]  ||  Текст ошибки: Запрашиваемая вами страница не найдена  ||  Файл: /var/www/dev/asutp/vendor/framework/core/Router.php  ||  Строка: 114
*** *** *** *** ***
[ 2018-01-31 13:59:46 ]  ||  Текст ошибки: Запрашиваемая вами страница не найдена  ||  Файл: /var/www/dev/asutp/vendor/framework/core/Router.php  ||  Строка: 114
*** *** *** *** ***
[ 2018-01-31 13:59:46 ]  ||  Текст ошибки: Запрашиваемая вами страница не найдена  ||  Файл: /var/www/dev/asutp/vendor/framework/core/Router.php  ||  Строка: 114
*** *** *** *** ***
[ 2018-01-31 13:59:46 ]  ||  Текст ошибки: Запрашиваемая вами страница не найдена  ||  Файл: /var/www/dev/asutp/vendor/framework/core/Router.php  ||  Строка: 114
*** *** *** *** ***
[ 2018-01-31 13:59:46 ]  ||  Текст ошибки: Запрашиваемая вами страница не найдена  ||  Файл: /var/www/dev/asutp/vendor/framework/core/Router.php  ||  Строка: 114
*** *** *** *** ***
[ 2018-01-31 13:59:46 ]  ||  Текст ошибки: Запрашиваемая вами страница не найдена  ||  Файл: /var/www/dev/asutp/vendor/framework/core/Router.php  ||  Строка: 114
*** *** *** *** ***
[ 2018-01-31 13:59:46 ]  ||  Текст ошибки: Запрашиваемая вами страница не найдена  ||  Файл: /var/www/dev/asutp/vendor/framework/core/Router.php  ||  Строка: 114
*** *** *** *** ***
[ 2018-01-31 14:12:18 ]  ||  Текст ошибки: Метод <b>app\controllers\CoreuiController::buttonGroupAction()</b> не найден.  ||  Файл: /var/www/dev/asutp/vendor/framework/core/Router.php  ||  Строка: 105
*** *** *** *** ***
[ 2018-01-31 15:35:29 ]  ||  Текст ошибки: Запрашиваемая вами страница не найдена  ||  Файл: /var/www/dev/asutp/vendor/framework/core/Router.php  ||  Строка: 114
*** *** *** *** ***
[ 2018-01-31 15:35:29 ]  ||  Текст ошибки: Запрашиваемая вами страница не найдена  ||  Файл: /var/www/dev/asutp/vendor/framework/core/Router.php  ||  Строка: 114
*** *** *** *** ***
[ 2018-01-31 15:35:29 ]  ||  Текст ошибки: Запрашиваемая вами страница не найдена  ||  Файл: /var/www/dev/asutp/vendor/framework/core/Router.php  ||  Строка: 114
*** *** *** *** ***
[ 2018-01-31 15:35:29 ]  ||  Текст ошибки: Запрашиваемая вами страница не найдена  ||  Файл: /var/www/dev/asutp/vendor/framework/core/Router.php  ||  Строка: 114
*** *** *** *** ***
[ 2018-01-31 15:35:29 ]  ||  Текст ошибки: Запрашиваемая вами страница не найдена  ||  Файл: /var/www/dev/asutp/vendor/framework/core/Router.php  ||  Строка: 114
*** *** *** *** ***
[ 2018-01-31 15:35:29 ]  ||  Текст ошибки: Запрашиваемая вами страница не найдена  ||  Файл: /var/www/dev/asutp/vendor/framework/core/Router.php  ||  Строка: 114
*** *** *** *** ***
[ 2018-01-31 15:41:26 ]  ||  Текст ошибки: Запрашиваемая вами страница не найдена  ||  Файл: /var/www/dev/asutp/vendor/framework/core/Router.php  ||  Строка: 114
*** *** *** *** ***
[ 2018-01-31 15:41:26 ]  ||  Текст ошибки: Запрашиваемая вами страница не найдена  ||  Файл: /var/www/dev/asutp/vendor/framework/core/Router.php  ||  Строка: 114
*** *** *** *** ***
[ 2018-01-31 15:41:26 ]  ||  Текст ошибки: Запрашиваемая вами страница не найдена  ||  Файл: /var/www/dev/asutp/vendor/framework/core/Router.php  ||  Строка: 114
*** *** *** *** ***
[ 2018-01-31 15:41:40 ]  ||  Текст ошибки: Запрашиваемая вами страница не найдена  ||  Файл: /var/www/dev/asutp/vendor/framework/core/Router.php  ||  Строка: 114
*** *** *** *** ***
[ 2018-01-31 15:41:40 ]  ||  Текст ошибки: Запрашиваемая вами страница не найдена  ||  Файл: /var/www/dev/asutp/vendor/framework/core/Router.php  ||  Строка: 114
*** *** *** *** ***
[ 2018-01-31 15:41:40 ]  ||  Текст ошибки: Запрашиваемая вами страница не найдена  ||  Файл: /var/www/dev/asutp/vendor/framework/core/Router.php  ||  Строка: 114
*** *** *** *** ***
[ 2018-01-31 15:42:02 ]  ||  Текст ошибки: Запрашиваемая вами страница не найдена  ||  Файл: /var/www/dev/asutp/vendor/framework/core/Router.php  ||  Строка: 114
*** *** *** *** ***
[ 2018-01-31 15:42:07 ]  ||  Текст ошибки: Запрашиваемая вами страница не найдена  ||  Файл: /var/www/dev/asutp/vendor/framework/core/Router.php  ||  Строка: 114
*** *** *** *** ***
[ 2018-01-31 15:42:07 ]  ||  Текст ошибки: Запрашиваемая вами страница не найдена  ||  Файл: /var/www/dev/asutp/vendor/framework/core/Router.php  ||  Строка: 114
*** *** *** *** ***
[ 2018-01-31 15:42:07 ]  ||  Текст ошибки: Запрашиваемая вами страница не найдена  ||  Файл: /var/www/dev/asutp/vendor/framework/core/Router.php  ||  Строка: 114
*** *** *** *** ***
[ 2018-01-31 15:42:41 ]  ||  Текст ошибки: Запрашиваемая вами страница не найдена  ||  Файл: /var/www/dev/asutp/vendor/framework/core/Router.php  ||  Строка: 114
*** *** *** *** ***
[ 2018-01-31 15:42:41 ]  ||  Текст ошибки: Запрашиваемая вами страница не найдена  ||  Файл: /var/www/dev/asutp/vendor/framework/core/Router.php  ||  Строка: 114
*** *** *** *** ***
[ 2018-01-31 15:42:41 ]  ||  Текст ошибки: Запрашиваемая вами страница не найдена  ||  Файл: /var/www/dev/asutp/vendor/framework/core/Router.php  ||  Строка: 114
*** *** *** *** ***
[ 2018-01-31 15:42:41 ]  ||  Текст ошибки: Запрашиваемая вами страница не найдена  ||  Файл: /var/www/dev/asutp/vendor/framework/core/Router.php  ||  Строка: 114
*** *** *** *** ***
[ 2018-01-31 15:42:41 ]  ||  Текст ошибки: Запрашиваемая вами страница не найдена  ||  Файл: /var/www/dev/asutp/vendor/framework/core/Router.php  ||  Строка: 114
*** *** *** *** ***
[ 2018-01-31 15:42:41 ]  ||  Текст ошибки: Запрашиваемая вами страница не найдена  ||  Файл: /var/www/dev/asutp/vendor/framework/core/Router.php  ||  Строка: 114
*** *** *** *** ***
[ 2018-01-31 15:55:09 ]  ||  Текст ошибки: Запрашиваемая вами страница не найдена  ||  Файл: /var/www/dev/asutp/vendor/framework/core/Router.php  ||  Строка: 114
*** *** *** *** ***
[ 2018-01-31 15:55:24 ]  ||  Текст ошибки: Запрашиваемая вами страница не найдена  ||  Файл: /var/www/dev/asutp/vendor/framework/core/Router.php  ||  Строка: 114
*** *** *** *** ***
[ 2018-01-31 15:55:24 ]  ||  Текст ошибки: Запрашиваемая вами страница не найдена  ||  Файл: /var/www/dev/asutp/vendor/framework/core/Router.php  ||  Строка: 114
*** *** *** *** ***
[ 2018-01-31 15:55:24 ]  ||  Текст ошибки: Запрашиваемая вами страница не найдена  ||  Файл: /var/www/dev/asutp/vendor/framework/core/Router.php  ||  Строка: 114
*** *** *** *** ***
[ 2018-01-31 15:55:24 ]  ||  Текст ошибки: Запрашиваемая вами страница не найдена  ||  Файл: /var/www/dev/asutp/vendor/framework/core/Router.php  ||  Строка: 114
*** *** *** *** ***
[ 2018-01-31 15:55:24 ]  ||  Текст ошибки: Запрашиваемая вами страница не найдена  ||  Файл: /var/www/dev/asutp/vendor/framework/core/Router.php  ||  Строка: 114
*** *** *** *** ***
[ 2018-01-31 15:55:24 ]  ||  Текст ошибки: Запрашиваемая вами страница не найдена  ||  Файл: /var/www/dev/asutp/vendor/framework/core/Router.php  ||  Строка: 114
*** *** *** *** ***
[ 2018-01-31 16:16:25 ]  ||  Текст ошибки: Запрашиваемая вами страница не найдена  ||  Файл: /var/www/dev/asutp/vendor/framework/core/Router.php  ||  Строка: 114
*** *** *** *** ***
[ 2018-01-31 16:16:25 ]  ||  Текст ошибки: Запрашиваемая вами страница не найдена  ||  Файл: /var/www/dev/asutp/vendor/framework/core/Router.php  ||  Строка: 114
*** *** *** *** ***
[ 2018-01-31 16:16:25 ]  ||  Текст ошибки: Запрашиваемая вами страница не найдена  ||  Файл: /var/www/dev/asutp/vendor/framework/core/Router.php  ||  Строка: 114
*** *** *** *** ***
[ 2018-01-31 16:16:25 ]  ||  Текст ошибки: Запрашиваемая вами страница не найдена  ||  Файл: /var/www/dev/asutp/vendor/framework/core/Router.php  ||  Строка: 114
*** *** *** *** ***
[ 2018-01-31 16:16:25 ]  ||  Текст ошибки: Запрашиваемая вами страница не найдена  ||  Файл: /var/www/dev/asutp/vendor/framework/core/Router.php  ||  Строка: 114
*** *** *** *** ***
[ 2018-01-31 16:16:25 ]  ||  Текст ошибки: Запрашиваемая вами страница не найдена  ||  Файл: /var/www/dev/asutp/vendor/framework/core/Router.php  ||  Строка: 114
*** *** *** *** ***
[ 2018-01-31 16:17:06 ]  ||  Текст ошибки: Запрашиваемая вами страница не найдена  ||  Файл: /var/www/dev/asutp/vendor/framework/core/Router.php  ||  Строка: 114
*** *** *** *** ***
[ 2018-01-31 16:17:06 ]  ||  Текст ошибки: Запрашиваемая вами страница не найдена  ||  Файл: /var/www/dev/asutp/vendor/framework/core/Router.php  ||  Строка: 114
*** *** *** *** ***
[ 2018-01-31 16:17:06 ]  ||  Текст ошибки: Запрашиваемая вами страница не найдена  ||  Файл: /var/www/dev/asutp/vendor/framework/core/Router.php  ||  Строка: 114
*** *** *** *** ***
[ 2018-01-31 16:17:06 ]  ||  Текст ошибки: Запрашиваемая вами страница не найдена  ||  Файл: /var/www/dev/asutp/vendor/framework/core/Router.php  ||  Строка: 114
*** *** *** *** ***
[ 2018-01-31 16:17:06 ]  ||  Текст ошибки: Запрашиваемая вами страница не найдена  ||  Файл: /var/www/dev/asutp/vendor/framework/core/Router.php  ||  Строка: 114
*** *** *** *** ***
[ 2018-01-31 16:17:06 ]  ||  Текст ошибки: Запрашиваемая вами страница не найдена  ||  Файл: /var/www/dev/asutp/vendor/framework/core/Router.php  ||  Строка: 114
*** *** *** *** ***
[ 2018-01-31 16:17:23 ]  ||  Текст ошибки: Запрашиваемая вами страница не найдена  ||  Файл: /var/www/dev/asutp/vendor/framework/core/Router.php  ||  Строка: 114
*** *** *** *** ***
[ 2018-01-31 16:17:23 ]  ||  Текст ошибки: Запрашиваемая вами страница не найдена  ||  Файл: /var/www/dev/asutp/vendor/framework/core/Router.php  ||  Строка: 114
*** *** *** *** ***
[ 2018-01-31 16:17:23 ]  ||  Текст ошибки: Запрашиваемая вами страница не найдена  ||  Файл: /var/www/dev/asutp/vendor/framework/core/Router.php  ||  Строка: 114
*** *** *** *** ***
[ 2018-01-31 16:17:23 ]  ||  Текст ошибки: Запрашиваемая вами страница не найдена  ||  Файл: /var/www/dev/asutp/vendor/framework/core/Router.php  ||  Строка: 114
*** *** *** *** ***
[ 2018-01-31 16:17:23 ]  ||  Текст ошибки: Запрашиваемая вами страница не найдена  ||  Файл: /var/www/dev/asutp/vendor/framework/core/Router.php  ||  Строка: 114
*** *** *** *** ***
[ 2018-01-31 16:17:23 ]  ||  Текст ошибки: Запрашиваемая вами страница не найдена  ||  Файл: /var/www/dev/asutp/vendor/framework/core/Router.php  ||  Строка: 114
*** *** *** *** ***
